Classic Timing Analyzer report for 3-8
Sat Apr 24 20:33:03 2021
Quartus II Version 8.1 Build 163 10/28/2008 SJ Web Edition


---------------------
; Table of Contents ;
---------------------
  1. Legal Notice
  2. Timing Analyzer Summary
  3. Timing Analyzer Settings
  4. tpd
  5. Timing Analyzer Messages



----------------
; Legal Notice ;
----------------
Copyright (C) 1991-2008 Altera Corporation
Your use of Altera Corporation's design tools, logic functions 
and other software and tools, and its AMPP partner logic 
functions, and any output files from any of the foregoing 
(including device programming or simulation files), and any 
associated documentation or information are expressly subject 
to the terms and conditions of the Altera Program License 
Subscription Agreement, Altera MegaCore Function License 
Agreement, or other applicable license agreement, including, 
without limitation, that your use is for the sole purpose of 
programming logic devices manufactured by Altera and sold by 
Altera or its authorized distributors.  Please refer to the 
applicable agreement for further details.



+-----------------------------------------------------------------------------------------------------------------------+
; Timing Analyzer Summary                                                                                               ;
+------------------------------+-------+---------------+-------------+------+----+------------+----------+--------------+
; Type                         ; Slack ; Required Time ; Actual Time ; From ; To ; From Clock ; To Clock ; Failed Paths ;
+------------------------------+-------+---------------+-------------+------+----+------------+----------+--------------+
; Worst-case tpd               ; N/A   ; None          ; 14.238 ns   ; d1   ; q0 ; --         ; --       ; 0            ;
; Total number of failed paths ;       ;               ;             ;      ;    ;            ;          ; 0            ;
+------------------------------+-------+---------------+-------------+------+----+------------+----------+--------------+


+--------------------------------------------------------------------------------------------------------------------+
; Timing Analyzer Settings                                                                                           ;
+---------------------------------------------------------------------+--------------------+------+----+-------------+
; Option                                                              ; Setting            ; From ; To ; Entity Name ;
+---------------------------------------------------------------------+--------------------+------+----+-------------+
; Device Name                                                         ; EP2C8Q208C8        ;      ;    ;             ;
; Timing Models                                                       ; Final              ;      ;    ;             ;
; Default hold multicycle                                             ; Same as Multicycle ;      ;    ;             ;
; Cut paths between unrelated clock domains                           ; On                 ;      ;    ;             ;
; Cut off read during write signal paths                              ; On                 ;      ;    ;             ;
; Cut off feedback from I/O pins                                      ; On                 ;      ;    ;             ;
; Report Combined Fast/Slow Timing                                    ; Off                ;      ;    ;             ;
; Ignore Clock Settings                                               ; Off                ;      ;    ;             ;
; Analyze latches as synchronous elements                             ; On                 ;      ;    ;             ;
; Enable Recovery/Removal analysis                                    ; Off                ;      ;    ;             ;
; Enable Clock Latency                                                ; Off                ;      ;    ;             ;
; Use TimeQuest Timing Analyzer                                       ; Off                ;      ;    ;             ;
; Minimum Core Junction Temperature                                   ; 0                  ;      ;    ;             ;
; Maximum Core Junction Temperature                                   ; 85                 ;      ;    ;             ;
; Number of source nodes to report per destination node               ; 10                 ;      ;    ;             ;
; Number of destination nodes to report                               ; 10                 ;      ;    ;             ;
; Number of paths to report                                           ; 200                ;      ;    ;             ;
; Report Minimum Timing Checks                                        ; Off                ;      ;    ;             ;
; Use Fast Timing Models                                              ; Off                ;      ;    ;             ;
; Report IO Paths Separately                                          ; Off                ;      ;    ;             ;
; Perform Multicorner Analysis                                        ; On                 ;      ;    ;             ;
; Reports the worst-case path for each clock domain and analysis      ; Off                ;      ;    ;             ;
; Removes common clock path pessimism (CCPP) during slack computation ; Off                ;      ;    ;             ;
; Output I/O Timing Endpoint                                          ; Near End           ;      ;    ;             ;
+---------------------------------------------------------------------+--------------------+------+----+-------------+


+---------------------------------------------------------+
; tpd                                                     ;
+-------+-------------------+-----------------+------+----+
; Slack ; Required P2P Time ; Actual P2P Time ; From ; To ;
+-------+-------------------+-----------------+------+----+
; N/A   ; None              ; 14.238 ns       ; d1   ; q0 ;
; N/A   ; None              ; 13.401 ns       ; d0   ; q0 ;
; N/A   ; None              ; 13.373 ns       ; d1   ; q6 ;
; N/A   ; None              ; 13.240 ns       ; d2   ; q0 ;
; N/A   ; None              ; 12.627 ns       ; d1   ; q7 ;
; N/A   ; None              ; 12.607 ns       ; d1   ; q2 ;
; N/A   ; None              ; 12.590 ns       ; d1   ; q5 ;
; N/A   ; None              ; 12.526 ns       ; d1   ; q4 ;
; N/A   ; None              ; 12.452 ns       ; d0   ; q6 ;
; N/A   ; None              ; 12.373 ns       ; d1   ; q3 ;
; N/A   ; None              ; 12.292 ns       ; d2   ; q6 ;
; N/A   ; None              ; 12.242 ns       ; d1   ; q1 ;
; N/A   ; None              ; 11.854 ns       ; d0   ; q5 ;
; N/A   ; None              ; 11.807 ns       ; d0   ; q7 ;
; N/A   ; None              ; 11.683 ns       ; d0   ; q4 ;
; N/A   ; None              ; 11.682 ns       ; d0   ; q2 ;
; N/A   ; None              ; 11.577 ns       ; d2   ; q5 ;
; N/A   ; None              ; 11.552 ns       ; d0   ; q3 ;
; N/A   ; None              ; 11.539 ns       ; d2   ; q7 ;
; N/A   ; None              ; 11.530 ns       ; d2   ; q4 ;
; N/A   ; None              ; 11.528 ns       ; d2   ; q2 ;
; N/A   ; None              ; 11.510 ns       ; d0   ; q1 ;
; N/A   ; None              ; 11.281 ns       ; d2   ; q3 ;
; N/A   ; None              ; 11.238 ns       ; d2   ; q1 ;
+-------+-------------------+-----------------+------+----+


+--------------------------+
; Timing Analyzer Messages ;
+--------------------------+
Info: *******************************************************************
Info: Running Quartus II Classic Timing Analyzer
    Info: Version 8.1 Build 163 10/28/2008 SJ Web Edition
    Info: Processing started: Sat Apr 24 20:33:03 2021
Info: Command: quartus_tan --read_settings_files=off --write_settings_files=off 3-8 -c 3-8 --timing_analysis_only
Info: Longest tpd from source pin "d1" to destination pin "q0" is 14.238 ns
    Info: 1: + IC(0.000 ns) + CELL(0.985 ns) = 0.985 ns; Loc. = PIN_31; Fanout = 8; PIN Node = 'd1'
    Info: 2: + IC(6.552 ns) + CELL(0.529 ns) = 8.066 ns; Loc. = LCCOMB_X2_Y2_N0; Fanout = 1; COMB Node = 'inst10~76'
    Info: 3: + IC(2.896 ns) + CELL(3.276 ns) = 14.238 ns; Loc. = PIN_193; Fanout = 0; PIN Node = 'q0'
    Info: Total cell delay = 4.790 ns ( 33.64 % )
    Info: Total interconnect delay = 9.448 ns ( 66.36 % )
Info: Quartus II Classic Timing Analyzer was successful. 0 errors, 0 warnings
    Info: Peak virtual memory: 192 megabytes
    Info: Processing ended: Sat Apr 24 20:33:03 2021
    Info: Elapsed time: 00:00:00
    Info: Total CPU time (on all processors): 00:00:00


