Classic Timing Analyzer report for sign
Thu May 06 19:58:26 2021
Quartus II Version 8.1 Build 163 10/28/2008 SJ Web Edition


---------------------
; Table of Contents ;
---------------------
  1. Legal Notice
  2. Timing Analyzer Summary
  3. Timing Analyzer Settings
  4. tpd
  5. Timing Analyzer Messages



----------------
; Legal Notice ;
----------------
Copyright (C) 1991-2008 Altera Corporation
Your use of Altera Corporation's design tools, logic functions 
and other software and tools, and its AMPP partner logic 
functions, and any output files from any of the foregoing 
(including device programming or simulation files), and any 
associated documentation or information are expressly subject 
to the terms and conditions of the Altera Program License 
Subscription Agreement, Altera MegaCore Function License 
Agreement, or other applicable license agreement, including, 
without limitation, that your use is for the sole purpose of 
programming logic devices manufactured by Altera and sold by 
Altera or its authorized distributors.  Please refer to the 
applicable agreement for further details.



+----------------------------------------------------------------------------------------------------------------------------+
; Timing Analyzer Summary                                                                                                    ;
+------------------------------+-------+---------------+-------------+-----------+----+------------+----------+--------------+
; Type                         ; Slack ; Required Time ; Actual Time ; From      ; To ; From Clock ; To Clock ; Failed Paths ;
+------------------------------+-------+---------------+-------------+-----------+----+------------+----------+--------------+
; Worst-case tpd               ; N/A   ; None          ; 13.909 ns   ; 0add/1sub ; v  ; --         ; --       ; 0            ;
; Total number of failed paths ;       ;               ;             ;           ;    ;            ;          ; 0            ;
+------------------------------+-------+---------------+-------------+-----------+----+------------+----------+--------------+


+--------------------------------------------------------------------------------------------------------------------+
; Timing Analyzer Settings                                                                                           ;
+---------------------------------------------------------------------+--------------------+------+----+-------------+
; Option                                                              ; Setting            ; From ; To ; Entity Name ;
+---------------------------------------------------------------------+--------------------+------+----+-------------+
; Device Name                                                         ; EP2C8Q208C8        ;      ;    ;             ;
; Timing Models                                                       ; Final              ;      ;    ;             ;
; Default hold multicycle                                             ; Same as Multicycle ;      ;    ;             ;
; Cut paths between unrelated clock domains                           ; On                 ;      ;    ;             ;
; Cut off read during write signal paths                              ; On                 ;      ;    ;             ;
; Cut off feedback from I/O pins                                      ; On                 ;      ;    ;             ;
; Report Combined Fast/Slow Timing                                    ; Off                ;      ;    ;             ;
; Ignore Clock Settings                                               ; Off                ;      ;    ;             ;
; Analyze latches as synchronous elements                             ; On                 ;      ;    ;             ;
; Enable Recovery/Removal analysis                                    ; Off                ;      ;    ;             ;
; Enable Clock Latency                                                ; Off                ;      ;    ;             ;
; Use TimeQuest Timing Analyzer                                       ; Off                ;      ;    ;             ;
; Minimum Core Junction Temperature                                   ; 0                  ;      ;    ;             ;
; Maximum Core Junction Temperature                                   ; 85                 ;      ;    ;             ;
; Number of source nodes to report per destination node               ; 10                 ;      ;    ;             ;
; Number of destination nodes to report                               ; 10                 ;      ;    ;             ;
; Number of paths to report                                           ; 200                ;      ;    ;             ;
; Report Minimum Timing Checks                                        ; Off                ;      ;    ;             ;
; Use Fast Timing Models                                              ; Off                ;      ;    ;             ;
; Report IO Paths Separately                                          ; Off                ;      ;    ;             ;
; Perform Multicorner Analysis                                        ; On                 ;      ;    ;             ;
; Reports the worst-case path for each clock domain and analysis      ; Off                ;      ;    ;             ;
; Removes common clock path pessimism (CCPP) during slack computation ; Off                ;      ;    ;             ;
; Output I/O Timing Endpoint                                          ; Near End           ;      ;    ;             ;
+---------------------------------------------------------------------+--------------------+------+----+-------------+


+--------------------------------------------------------------+
; tpd                                                          ;
+-------+-------------------+-----------------+-----------+----+
; Slack ; Required P2P Time ; Actual P2P Time ; From      ; To ;
+-------+-------------------+-----------------+-----------+----+
; N/A   ; None              ; 13.909 ns       ; 0add/1sub ; v  ;
; N/A   ; None              ; 13.150 ns       ; d7        ; v  ;
; N/A   ; None              ; 13.068 ns       ; t7        ; v  ;
; N/A   ; None              ; 13.038 ns       ; sign      ; c  ;
; N/A   ; None              ; 13.033 ns       ; sign      ; n  ;
; N/A   ; None              ; 13.025 ns       ; sign      ; v  ;
; N/A   ; None              ; 12.813 ns       ; cn        ; n  ;
; N/A   ; None              ; 12.812 ns       ; cn        ; c  ;
; N/A   ; None              ; 12.798 ns       ; cn        ; v  ;
; N/A   ; None              ; 12.629 ns       ; q7        ; v  ;
+-------+-------------------+-----------------+-----------+----+


+--------------------------+
; Timing Analyzer Messages ;
+--------------------------+
Info: *******************************************************************
Info: Running Quartus II Classic Timing Analyzer
    Info: Version 8.1 Build 163 10/28/2008 SJ Web Edition
    Info: Processing started: Thu May 06 19:58:25 2021
Info: Command: quartus_tan --read_settings_files=off --write_settings_files=off sign -c sign --timing_analysis_only
Info: Longest tpd from source pin "0add/1sub" to destination pin "v" is 13.909 ns
    Info: 1: + IC(0.000 ns) + CELL(0.974 ns) = 0.974 ns; Loc. = PIN_81; Fanout = 1; PIN Node = '0add/1sub'
    Info: 2: + IC(6.818 ns) + CELL(0.370 ns) = 8.162 ns; Loc. = LCCOMB_X9_Y4_N0; Fanout = 1; COMB Node = 'inst14~16'
    Info: 3: + IC(0.359 ns) + CELL(0.544 ns) = 9.065 ns; Loc. = LCCOMB_X9_Y4_N2; Fanout = 1; COMB Node = 'inst16'
    Info: 4: + IC(1.748 ns) + CELL(3.096 ns) = 13.909 ns; Loc. = PIN_33; Fanout = 0; PIN Node = 'v'
    Info: Total cell delay = 4.984 ns ( 35.83 % )
    Info: Total interconnect delay = 8.925 ns ( 64.17 % )
Info: Quartus II Classic Timing Analyzer was successful. 0 errors, 0 warnings
    Info: Peak virtual memory: 156 megabytes
    Info: Processing ended: Thu May 06 19:58:26 2021
    Info: Elapsed time: 00:00:01
    Info: Total CPU time (on all processors): 00:00:01


