Classic Timing Analyzer report for register-4
Thu Apr 29 11:44:54 2021
Quartus II Version 8.1 Build 163 10/28/2008 SJ Web Edition


---------------------
; Table of Contents ;
---------------------
  1. Legal Notice
  2. Timing Analyzer Summary
  3. Timing Analyzer Settings
  4. Clock Settings Summary
  5. tsu
  6. tco
  7. th
  8. Timing Analyzer Messages



----------------
; Legal Notice ;
----------------
Copyright (C) 1991-2008 Altera Corporation
Your use of Altera Corporation's design tools, logic functions 
and other software and tools, and its AMPP partner logic 
functions, and any output files from any of the foregoing 
(including device programming or simulation files), and any 
associated documentation or information are expressly subject 
to the terms and conditions of the Altera Program License 
Subscription Agreement, Altera MegaCore Function License 
Agreement, or other applicable license agreement, including, 
without limitation, that your use is for the sole purpose of 
programming logic devices manufactured by Altera and sold by 
Altera or its authorized distributors.  Please refer to the 
applicable agreement for further details.



+---------------------------------------------------------------------------------------------------------------------------+
; Timing Analyzer Summary                                                                                                   ;
+------------------------------+-------+---------------+-------------+-------+-------+------------+----------+--------------+
; Type                         ; Slack ; Required Time ; Actual Time ; From  ; To    ; From Clock ; To Clock ; Failed Paths ;
+------------------------------+-------+---------------+-------------+-------+-------+------------+----------+--------------+
; Worst-case tsu               ; N/A   ; None          ; 5.378 ns    ; D1    ; inst2 ; --         ; cp       ; 0            ;
; Worst-case tco               ; N/A   ; None          ; 9.534 ns    ; inst1 ; Q2    ; cp         ; --       ; 0            ;
; Worst-case th                ; N/A   ; None          ; -3.805 ns   ; D2    ; inst1 ; --         ; cp       ; 0            ;
; Total number of failed paths ;       ;               ;             ;       ;       ;            ;          ; 0            ;
+------------------------------+-------+---------------+-------------+-------+-------+------------+----------+--------------+


+--------------------------------------------------------------------------------------------------------------------+
; Timing Analyzer Settings                                                                                           ;
+---------------------------------------------------------------------+--------------------+------+----+-------------+
; Option                                                              ; Setting            ; From ; To ; Entity Name ;
+---------------------------------------------------------------------+--------------------+------+----+-------------+
; Device Name                                                         ; EP2C8Q208C8        ;      ;    ;             ;
; Timing Models                                                       ; Final              ;      ;    ;             ;
; Default hold multicycle                                             ; Same as Multicycle ;      ;    ;             ;
; Cut paths between unrelated clock domains                           ; On                 ;      ;    ;             ;
; Cut off read during write signal paths                              ; On                 ;      ;    ;             ;
; Cut off feedback from I/O pins                                      ; On                 ;      ;    ;             ;
; Report Combined Fast/Slow Timing                                    ; Off                ;      ;    ;             ;
; Ignore Clock Settings                                               ; Off                ;      ;    ;             ;
; Analyze latches as synchronous elements                             ; On                 ;      ;    ;             ;
; Enable Recovery/Removal analysis                                    ; Off                ;      ;    ;             ;
; Enable Clock Latency                                                ; Off                ;      ;    ;             ;
; Use TimeQuest Timing Analyzer                                       ; Off                ;      ;    ;             ;
; Minimum Core Junction Temperature                                   ; 0                  ;      ;    ;             ;
; Maximum Core Junction Temperature                                   ; 85                 ;      ;    ;             ;
; Number of source nodes to report per destination node               ; 10                 ;      ;    ;             ;
; Number of destination nodes to report                               ; 10                 ;      ;    ;             ;
; Number of paths to report                                           ; 200                ;      ;    ;             ;
; Report Minimum Timing Checks                                        ; Off                ;      ;    ;             ;
; Use Fast Timing Models                                              ; Off                ;      ;    ;             ;
; Report IO Paths Separately                                          ; Off                ;      ;    ;             ;
; Perform Multicorner Analysis                                        ; On                 ;      ;    ;             ;
; Reports the worst-case path for each clock domain and analysis      ; Off                ;      ;    ;             ;
; Removes common clock path pessimism (CCPP) during slack computation ; Off                ;      ;    ;             ;
; Output I/O Timing Endpoint                                          ; Near End           ;      ;    ;             ;
+---------------------------------------------------------------------+--------------------+------+----+-------------+


+------------------------------------------------------------------------------------------------------------------------------------------------------------------------------------+
; Clock Settings Summary                                                                                                                                                             ;
+-----------------+--------------------+----------+------------------+---------------+--------------+----------+-----------------------+---------------------+--------+--------------+
; Clock Node Name ; Clock Setting Name ; Type     ; Fmax Requirement ; Early Latency ; Late Latency ; Based on ; Multiply Base Fmax by ; Divide Base Fmax by ; Offset ; Phase offset ;
+-----------------+--------------------+----------+------------------+---------------+--------------+----------+-----------------------+---------------------+--------+--------------+
; cp              ;                    ; User Pin ; None             ; 0.000 ns      ; 0.000 ns     ; --       ; N/A                   ; N/A                 ; N/A    ;              ;
+-----------------+--------------------+----------+------------------+---------------+--------------+----------+-----------------------+---------------------+--------+--------------+


+-------------------------------------------------------------+
; tsu                                                         ;
+-------+--------------+------------+------+-------+----------+
; Slack ; Required tsu ; Actual tsu ; From ; To    ; To Clock ;
+-------+--------------+------------+------+-------+----------+
; N/A   ; None         ; 5.378 ns   ; D1   ; inst2 ; cp       ;
; N/A   ; None         ; 4.234 ns   ; D3   ; inst  ; cp       ;
; N/A   ; None         ; 4.084 ns   ; D0   ; inst3 ; cp       ;
; N/A   ; None         ; 4.071 ns   ; D2   ; inst1 ; cp       ;
+-------+--------------+------------+------+-------+----------+


+-------------------------------------------------------------+
; tco                                                         ;
+-------+--------------+------------+-------+----+------------+
; Slack ; Required tco ; Actual tco ; From  ; To ; From Clock ;
+-------+--------------+------------+-------+----+------------+
; N/A   ; None         ; 9.534 ns   ; inst1 ; Q2 ; cp         ;
; N/A   ; None         ; 9.527 ns   ; inst  ; Q3 ; cp         ;
; N/A   ; None         ; 8.816 ns   ; inst3 ; Q0 ; cp         ;
; N/A   ; None         ; 7.946 ns   ; inst2 ; Q1 ; cp         ;
+-------+--------------+------------+-------+----+------------+


+-------------------------------------------------------------------+
; th                                                                ;
+---------------+-------------+-----------+------+-------+----------+
; Minimum Slack ; Required th ; Actual th ; From ; To    ; To Clock ;
+---------------+-------------+-----------+------+-------+----------+
; N/A           ; None        ; -3.805 ns ; D2   ; inst1 ; cp       ;
; N/A           ; None        ; -3.818 ns ; D0   ; inst3 ; cp       ;
; N/A           ; None        ; -3.968 ns ; D3   ; inst  ; cp       ;
; N/A           ; None        ; -5.112 ns ; D1   ; inst2 ; cp       ;
+---------------+-------------+-----------+------+-------+----------+


+--------------------------+
; Timing Analyzer Messages ;
+--------------------------+
Info: *******************************************************************
Info: Running Quartus II Classic Timing Analyzer
    Info: Version 8.1 Build 163 10/28/2008 SJ Web Edition
    Info: Processing started: Thu Apr 29 11:44:53 2021
Info: Command: quartus_tan --read_settings_files=off --write_settings_files=off register-4 -c register-4 --timing_analysis_only
Warning: Found pins functioning as undefined clocks and/or memory enables
    Info: Assuming node "cp" is an undefined clock
Info: No valid register-to-register data paths exist for clock "cp"
Info: tsu for register "inst2" (data pin = "D1", clock pin = "cp") is 5.378 ns
    Info: + Longest pin to register delay is 8.286 ns
        Info: 1: + IC(0.000 ns) + CELL(0.984 ns) = 0.984 ns; Loc. = PIN_80; Fanout = 1; PIN Node = 'D1'
        Info: 2: + IC(6.842 ns) + CELL(0.460 ns) = 8.286 ns; Loc. = LCFF_X9_Y6_N1; Fanout = 1; REG Node = 'inst2'
        Info: Total cell delay = 1.444 ns ( 17.43 % )
        Info: Total interconnect delay = 6.842 ns ( 82.57 % )
    Info: + Micro setup delay of destination is -0.040 ns
    Info: - Shortest clock path from clock "cp" to destination register is 2.868 ns
        Info: 1: + IC(0.000 ns) + CELL(1.150 ns) = 1.150 ns; Loc. = PIN_132; Fanout = 1; CLK Node = 'cp'
        Info: 2: + IC(0.139 ns) + CELL(0.000 ns) = 1.289 ns; Loc. = CLKCTRL_G6; Fanout = 4; COMB Node = 'cp~clkctrl'
        Info: 3: + IC(0.913 ns) + CELL(0.666 ns) = 2.868 ns; Loc. = LCFF_X9_Y6_N1; Fanout = 1; REG Node = 'inst2'
        Info: Total cell delay = 1.816 ns ( 63.32 % )
        Info: Total interconnect delay = 1.052 ns ( 36.68 % )
Info: tco from clock "cp" to destination pin "Q2" through register "inst1" is 9.534 ns
    Info: + Longest clock path from clock "cp" to source register is 2.876 ns
        Info: 1: + IC(0.000 ns) + CELL(1.150 ns) = 1.150 ns; Loc. = PIN_132; Fanout = 1; CLK Node = 'cp'
        Info: 2: + IC(0.139 ns) + CELL(0.000 ns) = 1.289 ns; Loc. = CLKCTRL_G6; Fanout = 4; COMB Node = 'cp~clkctrl'
        Info: 3: + IC(0.921 ns) + CELL(0.666 ns) = 2.876 ns; Loc. = LCFF_X22_Y1_N1; Fanout = 1; REG Node = 'inst1'
        Info: Total cell delay = 1.816 ns ( 63.14 % )
        Info: Total interconnect delay = 1.060 ns ( 36.86 % )
    Info: + Micro clock to output delay of source is 0.304 ns
    Info: + Longest register to pin delay is 6.354 ns
        Info: 1: + IC(0.000 ns) + CELL(0.000 ns) = 0.000 ns; Loc. = LCFF_X22_Y1_N1; Fanout = 1; REG Node = 'inst1'
        Info: 2: + IC(3.278 ns) + CELL(3.076 ns) = 6.354 ns; Loc. = PIN_37; Fanout = 0; PIN Node = 'Q2'
        Info: Total cell delay = 3.076 ns ( 48.41 % )
        Info: Total interconnect delay = 3.278 ns ( 51.59 % )
Info: th for register "inst1" (data pin = "D2", clock pin = "cp") is -3.805 ns
    Info: + Longest clock path from clock "cp" to destination register is 2.876 ns
        Info: 1: + IC(0.000 ns) + CELL(1.150 ns) = 1.150 ns; Loc. = PIN_132; Fanout = 1; CLK Node = 'cp'
        Info: 2: + IC(0.139 ns) + CELL(0.000 ns) = 1.289 ns; Loc. = CLKCTRL_G6; Fanout = 4; COMB Node = 'cp~clkctrl'
        Info: 3: + IC(0.921 ns) + CELL(0.666 ns) = 2.876 ns; Loc. = LCFF_X22_Y1_N1; Fanout = 1; REG Node = 'inst1'
        Info: Total cell delay = 1.816 ns ( 63.14 % )
        Info: Total interconnect delay = 1.060 ns ( 36.86 % )
    Info: + Micro hold delay of destination is 0.306 ns
    Info: - Shortest pin to register delay is 6.987 ns
        Info: 1: + IC(0.000 ns) + CELL(0.974 ns) = 0.974 ns; Loc. = PIN_81; Fanout = 1; PIN Node = 'D2'
        Info: 2: + IC(5.699 ns) + CELL(0.206 ns) = 6.879 ns; Loc. = LCCOMB_X22_Y1_N0; Fanout = 1; COMB Node = 'inst1~feeder'
        Info: 3: + IC(0.000 ns) + CELL(0.108 ns) = 6.987 ns; Loc. = LCFF_X22_Y1_N1; Fanout = 1; REG Node = 'inst1'
        Info: Total cell delay = 1.288 ns ( 18.43 % )
        Info: Total interconnect delay = 5.699 ns ( 81.57 % )
Info: Quartus II Classic Timing Analyzer was successful. 0 errors, 1 warning
    Info: Peak virtual memory: 192 megabytes
    Info: Processing ended: Thu Apr 29 11:44:54 2021
    Info: Elapsed time: 00:00:01
    Info: Total CPU time (on all processors): 00:00:00


