Classic Timing Analyzer report for register-8
Sun Apr 25 14:28:22 2021
Quartus II Version 8.1 Build 163 10/28/2008 SJ Web Edition


---------------------
; Table of Contents ;
---------------------
  1. Legal Notice
  2. Timing Analyzer Summary
  3. Timing Analyzer Settings
  4. Clock Settings Summary
  5. tsu
  6. tco
  7. th
  8. Timing Analyzer Messages



----------------
; Legal Notice ;
----------------
Copyright (C) 1991-2008 Altera Corporation
Your use of Altera Corporation's design tools, logic functions 
and other software and tools, and its AMPP partner logic 
functions, and any output files from any of the foregoing 
(including device programming or simulation files), and any 
associated documentation or information are expressly subject 
to the terms and conditions of the Altera Program License 
Subscription Agreement, Altera MegaCore Function License 
Agreement, or other applicable license agreement, including, 
without limitation, that your use is for the sole purpose of 
programming logic devices manufactured by Altera and sold by 
Altera or its authorized distributors.  Please refer to the 
applicable agreement for further details.



+---------------------------------------------------------------------------------------------------------------------------+
; Timing Analyzer Summary                                                                                                   ;
+------------------------------+-------+---------------+-------------+-------+-------+------------+----------+--------------+
; Type                         ; Slack ; Required Time ; Actual Time ; From  ; To    ; From Clock ; To Clock ; Failed Paths ;
+------------------------------+-------+---------------+-------------+-------+-------+------------+----------+--------------+
; Worst-case tsu               ; N/A   ; None          ; 5.111 ns    ; D7    ; inst  ; --         ; cp       ; 0            ;
; Worst-case tco               ; N/A   ; None          ; 9.180 ns    ; inst7 ; Q0    ; cp         ; --       ; 0            ;
; Worst-case th                ; N/A   ; None          ; 0.566 ns    ; D2    ; inst5 ; --         ; cp       ; 0            ;
; Total number of failed paths ;       ;               ;             ;       ;       ;            ;          ; 0            ;
+------------------------------+-------+---------------+-------------+-------+-------+------------+----------+--------------+


+--------------------------------------------------------------------------------------------------------------------+
; Timing Analyzer Settings                                                                                           ;
+---------------------------------------------------------------------+--------------------+------+----+-------------+
; Option                                                              ; Setting            ; From ; To ; Entity Name ;
+---------------------------------------------------------------------+--------------------+------+----+-------------+
; Device Name                                                         ; EP2C8Q208C8        ;      ;    ;             ;
; Timing Models                                                       ; Final              ;      ;    ;             ;
; Default hold multicycle                                             ; Same as Multicycle ;      ;    ;             ;
; Cut paths between unrelated clock domains                           ; On                 ;      ;    ;             ;
; Cut off read during write signal paths                              ; On                 ;      ;    ;             ;
; Cut off feedback from I/O pins                                      ; On                 ;      ;    ;             ;
; Report Combined Fast/Slow Timing                                    ; Off                ;      ;    ;             ;
; Ignore Clock Settings                                               ; Off                ;      ;    ;             ;
; Analyze latches as synchronous elements                             ; On                 ;      ;    ;             ;
; Enable Recovery/Removal analysis                                    ; Off                ;      ;    ;             ;
; Enable Clock Latency                                                ; Off                ;      ;    ;             ;
; Use TimeQuest Timing Analyzer                                       ; Off                ;      ;    ;             ;
; Minimum Core Junction Temperature                                   ; 0                  ;      ;    ;             ;
; Maximum Core Junction Temperature                                   ; 85                 ;      ;    ;             ;
; Number of source nodes to report per destination node               ; 10                 ;      ;    ;             ;
; Number of destination nodes to report                               ; 10                 ;      ;    ;             ;
; Number of paths to report                                           ; 200                ;      ;    ;             ;
; Report Minimum Timing Checks                                        ; Off                ;      ;    ;             ;
; Use Fast Timing Models                                              ; Off                ;      ;    ;             ;
; Report IO Paths Separately                                          ; Off                ;      ;    ;             ;
; Perform Multicorner Analysis                                        ; On                 ;      ;    ;             ;
; Reports the worst-case path for each clock domain and analysis      ; Off                ;      ;    ;             ;
; Removes common clock path pessimism (CCPP) during slack computation ; Off                ;      ;    ;             ;
; Output I/O Timing Endpoint                                          ; Near End           ;      ;    ;             ;
+---------------------------------------------------------------------+--------------------+------+----+-------------+


+------------------------------------------------------------------------------------------------------------------------------------------------------------------------------------+
; Clock Settings Summary                                                                                                                                                             ;
+-----------------+--------------------+----------+------------------+---------------+--------------+----------+-----------------------+---------------------+--------+--------------+
; Clock Node Name ; Clock Setting Name ; Type     ; Fmax Requirement ; Early Latency ; Late Latency ; Based on ; Multiply Base Fmax by ; Divide Base Fmax by ; Offset ; Phase offset ;
+-----------------+--------------------+----------+------------------+---------------+--------------+----------+-----------------------+---------------------+--------+--------------+
; cp              ;                    ; User Pin ; None             ; 0.000 ns      ; 0.000 ns     ; --       ; N/A                   ; N/A                 ; N/A    ;              ;
+-----------------+--------------------+----------+------------------+---------------+--------------+----------+-----------------------+---------------------+--------+--------------+


+-------------------------------------------------------------+
; tsu                                                         ;
+-------+--------------+------------+------+-------+----------+
; Slack ; Required tsu ; Actual tsu ; From ; To    ; To Clock ;
+-------+--------------+------------+------+-------+----------+
; N/A   ; None         ; 5.111 ns   ; D7   ; inst  ; cp       ;
; N/A   ; None         ; 4.912 ns   ; D5   ; inst2 ; cp       ;
; N/A   ; None         ; 4.570 ns   ; D6   ; inst1 ; cp       ;
; N/A   ; None         ; 4.436 ns   ; D0   ; inst7 ; cp       ;
; N/A   ; None         ; 4.129 ns   ; D3   ; inst4 ; cp       ;
; N/A   ; None         ; 3.653 ns   ; D4   ; inst3 ; cp       ;
; N/A   ; None         ; 0.586 ns   ; D1   ; inst6 ; cp       ;
; N/A   ; None         ; -0.300 ns  ; D2   ; inst5 ; cp       ;
+-------+--------------+------------+------+-------+----------+


+-------------------------------------------------------------+
; tco                                                         ;
+-------+--------------+------------+-------+----+------------+
; Slack ; Required tco ; Actual tco ; From  ; To ; From Clock ;
+-------+--------------+------------+-------+----+------------+
; N/A   ; None         ; 9.180 ns   ; inst7 ; Q0 ; cp         ;
; N/A   ; None         ; 8.949 ns   ; inst  ; Q7 ; cp         ;
; N/A   ; None         ; 7.747 ns   ; inst2 ; Q5 ; cp         ;
; N/A   ; None         ; 7.402 ns   ; inst6 ; Q1 ; cp         ;
; N/A   ; None         ; 7.318 ns   ; inst4 ; Q3 ; cp         ;
; N/A   ; None         ; 7.156 ns   ; inst1 ; Q6 ; cp         ;
; N/A   ; None         ; 6.970 ns   ; inst3 ; Q4 ; cp         ;
; N/A   ; None         ; 6.941 ns   ; inst5 ; Q2 ; cp         ;
+-------+--------------+------------+-------+----+------------+


+-------------------------------------------------------------------+
; th                                                                ;
+---------------+-------------+-----------+------+-------+----------+
; Minimum Slack ; Required th ; Actual th ; From ; To    ; To Clock ;
+---------------+-------------+-----------+------+-------+----------+
; N/A           ; None        ; 0.566 ns  ; D2   ; inst5 ; cp       ;
; N/A           ; None        ; -0.320 ns ; D1   ; inst6 ; cp       ;
; N/A           ; None        ; -3.387 ns ; D4   ; inst3 ; cp       ;
; N/A           ; None        ; -3.863 ns ; D3   ; inst4 ; cp       ;
; N/A           ; None        ; -4.170 ns ; D0   ; inst7 ; cp       ;
; N/A           ; None        ; -4.304 ns ; D6   ; inst1 ; cp       ;
; N/A           ; None        ; -4.646 ns ; D5   ; inst2 ; cp       ;
; N/A           ; None        ; -4.845 ns ; D7   ; inst  ; cp       ;
+---------------+-------------+-----------+------+-------+----------+


+--------------------------+
; Timing Analyzer Messages ;
+--------------------------+
Info: *******************************************************************
Info: Running Quartus II Classic Timing Analyzer
    Info: Version 8.1 Build 163 10/28/2008 SJ Web Edition
    Info: Processing started: Sun Apr 25 14:28:21 2021
Info: Command: quartus_tan --read_settings_files=off --write_settings_files=off register-8 -c register-8 --timing_analysis_only
Warning: Found pins functioning as undefined clocks and/or memory enables
    Info: Assuming node "cp" is an undefined clock
Info: No valid register-to-register data paths exist for clock "cp"
Info: tsu for register "inst" (data pin = "D7", clock pin = "cp") is 5.111 ns
    Info: + Longest pin to register delay is 7.966 ns
        Info: 1: + IC(0.000 ns) + CELL(0.984 ns) = 0.984 ns; Loc. = PIN_89; Fanout = 1; PIN Node = 'D7'
        Info: 2: + IC(6.668 ns) + CELL(0.206 ns) = 7.858 ns; Loc. = LCCOMB_X24_Y10_N0; Fanout = 1; COMB Node = 'inst~feeder'
        Info: 3: + IC(0.000 ns) + CELL(0.108 ns) = 7.966 ns; Loc. = LCFF_X24_Y10_N1; Fanout = 1; REG Node = 'inst'
        Info: Total cell delay = 1.298 ns ( 16.29 % )
        Info: Total interconnect delay = 6.668 ns ( 83.71 % )
    Info: + Micro setup delay of destination is -0.040 ns
    Info: - Shortest clock path from clock "cp" to destination register is 2.815 ns
        Info: 1: + IC(0.000 ns) + CELL(1.140 ns) = 1.140 ns; Loc. = PIN_23; Fanout = 1; CLK Node = 'cp'
        Info: 2: + IC(0.139 ns) + CELL(0.000 ns) = 1.279 ns; Loc. = CLKCTRL_G2; Fanout = 8; COMB Node = 'cp~clkctrl'
        Info: 3: + IC(0.870 ns) + CELL(0.666 ns) = 2.815 ns; Loc. = LCFF_X24_Y10_N1; Fanout = 1; REG Node = 'inst'
        Info: Total cell delay = 1.806 ns ( 64.16 % )
        Info: Total interconnect delay = 1.009 ns ( 35.84 % )
Info: tco from clock "cp" to destination pin "Q0" through register "inst7" is 9.180 ns
    Info: + Longest clock path from clock "cp" to source register is 2.861 ns
        Info: 1: + IC(0.000 ns) + CELL(1.140 ns) = 1.140 ns; Loc. = PIN_23; Fanout = 1; CLK Node = 'cp'
        Info: 2: + IC(0.139 ns) + CELL(0.000 ns) = 1.279 ns; Loc. = CLKCTRL_G2; Fanout = 8; COMB Node = 'cp~clkctrl'
        Info: 3: + IC(0.916 ns) + CELL(0.666 ns) = 2.861 ns; Loc. = LCFF_X21_Y17_N9; Fanout = 1; REG Node = 'inst7'
        Info: Total cell delay = 1.806 ns ( 63.12 % )
        Info: Total interconnect delay = 1.055 ns ( 36.88 % )
    Info: + Micro clock to output delay of source is 0.304 ns
    Info: + Longest register to pin delay is 6.015 ns
        Info: 1: + IC(0.000 ns) + CELL(0.000 ns) = 0.000 ns; Loc. = LCFF_X21_Y17_N9; Fanout = 1; REG Node = 'inst7'
        Info: 2: + IC(2.899 ns) + CELL(3.116 ns) = 6.015 ns; Loc. = PIN_6; Fanout = 0; PIN Node = 'Q0'
        Info: Total cell delay = 3.116 ns ( 51.80 % )
        Info: Total interconnect delay = 2.899 ns ( 48.20 % )
Info: th for register "inst5" (data pin = "D2", clock pin = "cp") is 0.566 ns
    Info: + Longest clock path from clock "cp" to destination register is 2.835 ns
        Info: 1: + IC(0.000 ns) + CELL(1.140 ns) = 1.140 ns; Loc. = PIN_23; Fanout = 1; CLK Node = 'cp'
        Info: 2: + IC(0.139 ns) + CELL(0.000 ns) = 1.279 ns; Loc. = CLKCTRL_G2; Fanout = 8; COMB Node = 'cp~clkctrl'
        Info: 3: + IC(0.890 ns) + CELL(0.666 ns) = 2.835 ns; Loc. = LCFF_X1_Y8_N25; Fanout = 1; REG Node = 'inst5'
        Info: Total cell delay = 1.806 ns ( 63.70 % )
        Info: Total interconnect delay = 1.029 ns ( 36.30 % )
    Info: + Micro hold delay of destination is 0.306 ns
    Info: - Shortest pin to register delay is 2.575 ns
        Info: 1: + IC(0.000 ns) + CELL(1.130 ns) = 1.130 ns; Loc. = PIN_27; Fanout = 1; PIN Node = 'D2'
        Info: 2: + IC(0.985 ns) + CELL(0.460 ns) = 2.575 ns; Loc. = LCFF_X1_Y8_N25; Fanout = 1; REG Node = 'inst5'
        Info: Total cell delay = 1.590 ns ( 61.75 % )
        Info: Total interconnect delay = 0.985 ns ( 38.25 % )
Info: Quartus II Classic Timing Analyzer was successful. 0 errors, 1 warning
    Info: Peak virtual memory: 192 megabytes
    Info: Processing ended: Sun Apr 25 14:28:22 2021
    Info: Elapsed time: 00:00:01
    Info: Total CPU time (on all processors): 00:00:00


